<?xml version="1.0" encoding="UTF-8"?>
<testsuite xmlns:xsi="http://www.w3.org/2001/XMLSchema-instance" xsi:noNamespaceSchemaLocation="https://maven.apache.org/surefire/maven-surefire-plugin/xsd/surefire-test-report-3.0.xsd" version="3.0" name="com.example.serviceb.ServicebApplicationTests" time="3.415" tests="1" errors="0" skipped="0" failures="0">
  <properties>
[...]
</properties>
  <testcase name="contextLoads" classname="com.example.serviceb.ServicebApplicationTests" time="1.406">
    <system-out><![CDATA[13:34:46.726 [main] INFO org.springframework.boot.devtools.restart.RestartApplicationListener -- Restart disabled due to context in which it is running
  .   ____          _            __ _ _
 /\\ / ___'_ __ _ _(_)_ __  __ _ \ \ \ \
( ( )\___ | '_ | '_| | '_ \/ _` | \ \ \ \
 \\/  ___)| |_)| | | | | || (_| |  ) ) ) )
  '  |____| .__|_| |_|_| |_\__, | / / / /
 =========|_|==============|___/=/_/_/_/

 :: Spring Boot ::                (v3.3.0)

2025-03-22T13:34:47.599-03:00  INFO 12808 --- [serviceb] [           main] c.e.serviceb.ServicebApplicationTests    : Starting ServicebApplicationTests using Java 17.0.14 with PID 12808 (started by alfecjo in C:\VSCodeWork\DiscoveryClientWithLoadBalancer\serviceb)
2025-03-22T13:34:47.599-03:00  INFO 12808 --- [serviceb] [           main] c.e.serviceb.ServicebApplicationTests    : No active profile set, falling back to 1 default profile: "default"
2025-03-22T13:34:47.971-03:00  INFO 12808 --- [serviceb] [           main] c.e.serviceb.ServicebApplicationTests    : Started ServicebApplicationTests in 1.291 seconds (process running for 2.789)
]]></system-out>
  </testcase>
</testsuite>